2022-08-02 23:55:24,490 :INFO : teste2e : printing card title
2022-08-02 23:55:24,514 :INFO : teste2e : iphone X
2022-08-02 23:55:24,526 :INFO : teste2e : Samsung Note 8
2022-08-02 23:55:24,537 :INFO : teste2e : Nokia Edge
2022-08-02 23:55:24,549 :INFO : teste2e : Blackberry
2022-08-02 23:55:30,720 :INFO : teste2e : entering country name
2022-08-02 23:55:36,130 :INFO : teste2e : text matching in×
Success! Thank you! Your order will be delivered in next few weeks :-).
2022-08-03 11:02:39,087 :INFO : teste2e : printing card title
2022-08-03 11:02:39,105 :INFO : teste2e : iphone X
2022-08-03 11:02:39,116 :INFO : teste2e : Samsung Note 8
2022-08-03 11:02:39,125 :INFO : teste2e : Nokia Edge
2022-08-03 11:02:39,134 :INFO : teste2e : Blackberry
2022-08-03 11:02:45,287 :INFO : teste2e : entering country name
2022-08-03 11:02:50,570 :INFO : teste2e : text matching in×
Success! Thank you! Your order will be delivered in next few weeks :-).
2022-08-03 11:20:55,864 :INFO : teste2e : printing card title
2022-08-03 11:20:55,890 :INFO : teste2e : iphone X
2022-08-03 11:20:55,902 :INFO : teste2e : Samsung Note 8
2022-08-03 11:20:55,913 :INFO : teste2e : Nokia Edge
2022-08-03 11:20:55,925 :INFO : teste2e : Blackberry
2022-08-03 11:21:02,112 :INFO : teste2e : entering country name
2022-08-03 11:21:07,498 :INFO : teste2e : text matching in×
Success! Thank you! Your order will be delivered in next few weeks :-).
2022-08-03 22:49:28,794 :INFO : teste2e : printing card title
2022-08-03 22:49:28,813 :INFO : teste2e : iphone X
2022-08-03 22:49:28,822 :INFO : teste2e : Samsung Note 8
2022-08-03 22:49:28,831 :INFO : teste2e : Nokia Edge
2022-08-03 22:49:28,837 :INFO : teste2e : Blackberry
2022-08-03 22:49:34,962 :INFO : teste2e : entering country name
2022-08-03 22:49:40,278 :INFO : teste2e : text matching in×
Success! Thank you! Your order will be delivered in next few weeks :-).
2022-08-03 23:42:21,438 :INFO : teste2e : printing card title
2022-08-03 23:42:21,456 :INFO : teste2e : iphone X
2022-08-03 23:42:21,465 :INFO : teste2e : Samsung Note 8
2022-08-03 23:42:21,472 :INFO : teste2e : Nokia Edge
2022-08-03 23:42:21,479 :INFO : teste2e : Blackberry
2022-08-03 23:42:27,606 :INFO : teste2e : entering country name
2022-08-03 23:42:32,949 :INFO : teste2e : text matching in×
Success! Thank you! Your order will be delivered in next few weeks :-).
2022-08-04 23:08:06,697 :INFO : teste2e : printing card title
2022-08-04 23:08:06,716 :INFO : teste2e : iphone X
2022-08-04 23:08:06,725 :INFO : teste2e : Samsung Note 8
2022-08-04 23:08:06,734 :INFO : teste2e : Nokia Edge
2022-08-04 23:08:06,740 :INFO : teste2e : Blackberry
2022-08-04 23:08:12,852 :INFO : teste2e : entering country name
2022-08-04 23:08:18,180 :INFO : teste2e : text matching in×
Success! Thank you! Your order will be delivered in next few weeks :-).
2022-08-05 11:40:19,493 :INFO : teste2e : printing card title
2022-08-05 11:40:19,523 :INFO : teste2e : iphone X
2022-08-05 11:40:19,534 :INFO : teste2e : Samsung Note 8
2022-08-05 11:40:19,546 :INFO : teste2e : Nokia Edge
2022-08-05 11:40:19,557 :INFO : teste2e : Blackberry
2022-08-05 11:40:25,739 :INFO : teste2e : entering country name
2022-08-05 11:40:31,244 :INFO : teste2e : text matching in×
Success! Thank you! Your order will be delivered in next few weeks :-).
